<?xml version="1.0" encoding="UTF-8"?>
<testsuite name="com.projet.petkeeper.ExampleUnitTest" tests="1" skipped="0" failures="0" errors="0" timestamp="2023-08-31T11:14:35" hostname="DESKTOP-3LI9VGR" time="0.005">
  <properties/>
  <testcase name="addition_isCorrect" classname="com.projet.petkeeper.ExampleUnitTest" time="0.005"/>
  <system-out><![CDATA[]]></system-out>
  <system-err><![CDATA[]]></system-err>
</testsuite>
